<?xml version="1.0" encoding="UTF-8"?>
<!-- Generated by org.testng.reporters.JUnitXMLReporter -->
<testsuite ignored="0" hostname="SatheeshChaganti" failures="3" tests="3" name="Test" time="3.225" errors="0" timestamp="2024-11-18T10:53:30 IST">
  <testcase classname="chainingProcess.CreateUser" name="test_creatUser" time="3.151">
    <failure type="java.lang.NullPointerException" message="Cannot invoke &amp;quot;java.lang.Integer.intValue()&amp;quot; because the return value of &amp;quot;io.restassured.internal.common.path.ObjectConverter.convertObjectTo(Object, java.lang.Class)&amp;quot; is null">
      <![CDATA[java.lang.NullPointerException: Cannot invoke "java.lang.Integer.intValue()" because the return value of "io.restassured.internal.common.path.ObjectConverter.convertObjectTo(Object, java.lang.Class)" is null
at io.restassured.path.json.JsonPath.getInt(JsonPath.java:245)
at chainingProcess.CreateUser.test_creatUser(CreateUser.java:36)
at java.base/java.util.ArrayList.forEach(ArrayList.java:1511)
... Removed 27 stack frames]]>
    </failure>
  </testcase> <!-- test_creatUser -->
  <testcase classname="chainingProcess.GetUser" name="test_getUser" time="0.001">
    <failure type="java.lang.NullPointerException" message="Cannot invoke &amp;quot;java.lang.Integer.intValue()&amp;quot; because the return value of &amp;quot;org.testng.ISuite.getAttribute(String)&amp;quot; is null">
      <![CDATA[java.lang.NullPointerException: Cannot invoke "java.lang.Integer.intValue()" because the return value of "org.testng.ISuite.getAttribute(String)" is null
at chainingProcess.GetUser.test_getUser(GetUser.java:14)
at java.base/java.util.ArrayList.forEach(ArrayList.java:1511)
... Removed 27 stack frames]]>
    </failure>
  </testcase> <!-- test_getUser -->
  <testcase classname="chainingProcess.UpdateUser" name="test_updateUser" time="0.04">
    <failure type="java.lang.NullPointerException" message="Cannot invoke &amp;quot;java.lang.Integer.intValue()&amp;quot; because the return value of &amp;quot;org.testng.ISuite.getAttribute(String)&amp;quot; is null">
      <![CDATA[java.lang.NullPointerException: Cannot invoke "java.lang.Integer.intValue()" because the return value of "org.testng.ISuite.getAttribute(String)" is null
at chainingProcess.UpdateUser.test_updateUser(UpdateUser.java:27)
at java.base/java.util.ArrayList.forEach(ArrayList.java:1511)
... Removed 27 stack frames]]>
    </failure>
  </testcase> <!-- test_updateUser -->
</testsuite> <!-- Test -->
