<?xml version="1.0" encoding="UTF-8"?>
<!-- Generated by org.testng.reporters.JUnitXMLReporter -->
<testsuite ignored="0" hostname="SatheeshChaganti" failures="0" tests="4" name="Default test" time="4.001" errors="0" timestamp="2024-11-18T10:44:03 IST">
  <testcase classname="usersData.SampleTrail" name="getuser" time="1.784"/>
  <testcase classname="usersData.SampleTrail" name="createuser" time="1.361"/>
  <testcase classname="usersData.SampleTrail" name="updateuser" time="0.405"/>
  <testcase classname="usersData.SampleTrail" name="deleteUser" time="0.4"/>
</testsuite> <!-- Default test -->
